<?xml version="1.0" encoding="UTF-8"?>
<!-- Generated by org.testng.reporters.JUnitReportReporter -->
<testsuite skipped="0" hostname="informatica" name="WebApiAutomation.WebApiAutomation.Get404" tests="1" failures="0" timestamp="17 Nov 2018 22:01:33 GMT" time="2.744" errors="0">
  <testcase name="nonExistingUrlReturns404" time="2.744" classname="WebApiAutomation.WebApiAutomation.Get404"/>
</testsuite> <!-- WebApiAutomation.WebApiAutomation.Get404 -->
