<?xml version="1.0" encoding="UTF-8"?>
<!-- Generated by org.testng.reporters.JUnitReportReporter -->
<testsuite skipped="0" hostname="informatica" name="WebApiAutomation.WebApiAutomation.ResponseHeaders" tests="4" failures="0" timestamp="19 Nov 2018 13:00:12 GMT" time="3.373" errors="0">
  <testcase name="eTagIsPresent" time="1.270" classname="WebApiAutomation.WebApiAutomation.ResponseHeaders"/>
  <testcase name="serverIsGithub" time="0.437" classname="WebApiAutomation.WebApiAutomation.ResponseHeaders"/>
  <testcase name="contentTypeIsJson" time="1.191" classname="WebApiAutomation.WebApiAutomation.ResponseHeaders"/>
  <testcase name="xRateLimitIsSixty" time="0.475" classname="WebApiAutomation.WebApiAutomation.ResponseHeaders"/>
</testsuite> <!-- WebApiAutomation.WebApiAutomation.ResponseHeaders -->
