<?xml version="1.0" encoding="UTF-8"?>
<!-- Generated by org.testng.reporters.JUnitReportReporter -->
<testsuite skipped="0" hostname="informatica" name="WebApiAutomation.WebApiAutomation.Get200" tests="3" failures="0" timestamp="18 Nov 2018 22:35:57 GMT" time="4.542" errors="0">
  <testcase name="baseUrlReturns200" time="1.759" classname="WebApiAutomation.WebApiAutomation.Get200"/>
  <testcase name="rateLimitReturns200" time="1.813" classname="WebApiAutomation.WebApiAutomation.Get200"/>
  <testcase name="searchReturns200" time="0.970" classname="WebApiAutomation.WebApiAutomation.Get200"/>
</testsuite> <!-- WebApiAutomation.WebApiAutomation.Get200 -->
