<?xml version="1.0" encoding="UTF-8"?>
<!-- Generated by org.testng.reporters.JUnitReportReporter -->
<testsuite skipped="0" hostname="informatica" name="WebApiAutomation.WebApiAutomation.Get401" tests="5" failures="0" timestamp="18 Nov 2018 14:19:50 GMT" time="4.220" errors="0">
  <testcase name="userReturns401" time="1.347" classname="WebApiAutomation.WebApiAutomation.Get401"/>
  <testcase name="userReturns401" time="0.437" classname="WebApiAutomation.WebApiAutomation.Get401"/>
  <testcase name="userReturns401" time="0.413" classname="WebApiAutomation.WebApiAutomation.Get401"/>
  <testcase name="notificationsReturns401" time="1.592" classname="WebApiAutomation.WebApiAutomation.Get401"/>
  <testcase name="userFollowerReturns401" time="0.431" classname="WebApiAutomation.WebApiAutomation.Get401"/>
</testsuite> <!-- WebApiAutomation.WebApiAutomation.Get401 -->
